  AddDialog.cpp
  DDNN.cpp
  DDNNDlg.cpp
C:\Users\tkeom\Desktop\postechDNN\dnn\Examples\DDNN_Demo\DDNNDlg.cpp(683,49): warning C4805: '==': 연산에 'int' 형식과 'bool' 형식을 함께 사용하는 것은 안전하지 않습니다.
C:\Users\tkeom\Desktop\postechDNN\dnn\Examples\DDNN_Demo\DDNNDlg.cpp(699,48): warning C4805: '==': 연산에 'int' 형식과 'bool' 형식을 함께 사용하는 것은 안전하지 않습니다.
C:\Users\tkeom\Desktop\postechDNN\dnn\Examples\DDNN_Demo\DDNNDlg.cpp(722,18): warning C4267: '인수': 'size_t'에서 'int'(으)로 변환하면서 데이터가 손실될 수 있습니다.
C:\Users\tkeom\Desktop\postechDNN\dnn\Examples\DDNN_Demo\DDNNDlg.cpp(722,35): warning C4267: '인수': 'size_t'에서 'int'(으)로 변환하면서 데이터가 손실될 수 있습니다.
  DDNN_DS.cpp
C:\Users\tkeom\Desktop\postechDNN\dnn\Examples\DDNN_Demo\DDNN_DS.cpp(135,12): warning C4267: '초기화 중': 'size_t'에서 'int'(으)로 변환하면서 데이터가 손실될 수 있습니다.
C:\Users\tkeom\Desktop\postechDNN\dnn\Examples\DDNN_Demo\DDNN_DS.cpp(144,36): warning C4267: 'return': 'size_t'에서 'int'(으)로 변환하면서 데이터가 손실될 수 있습니다.
C:\Users\tkeom\Desktop\postechDNN\dnn\Examples\DDNN_Demo\DDNN_DS.cpp(152,36): warning C4267: 'return': 'size_t'에서 'int'(으)로 변환하면서 데이터가 손실될 수 있습니다.
C:\Users\tkeom\Desktop\postechDNN\dnn\Examples\DDNN_Demo\DDNN_DS.cpp(160,31): warning C4267: 'return': 'size_t'에서 'int'(으)로 변환하면서 데이터가 손실될 수 있습니다.
C:\Users\tkeom\Desktop\postechDNN\dnn\Examples\DDNN_Demo\DDNN_DS.cpp(169,31): warning C4267: 'return': 'size_t'에서 'int'(으)로 변환하면서 데이터가 손실될 수 있습니다.
C:\Program Files\Microsoft Visual Studio\2022\Community\VC\Tools\MSVC\14.41.34120\include\utility(276,61): warning C4244: '초기화 중': '_Ty'에서 '_Ty2'(으)로 변환하면서 데이터가 손실될 수 있습니다.
C:\Program Files\Microsoft Visual Studio\2022\Community\VC\Tools\MSVC\14.41.34120\include\utility(276,61): warning C4244:         with
C:\Program Files\Microsoft Visual Studio\2022\Community\VC\Tools\MSVC\14.41.34120\include\utility(276,61): warning C4244:         [
C:\Program Files\Microsoft Visual Studio\2022\Community\VC\Tools\MSVC\14.41.34120\include\utility(276,61): warning C4244:             _Ty=unsigned __int64
C:\Program Files\Microsoft Visual Studio\2022\Community\VC\Tools\MSVC\14.41.34120\include\utility(276,61): warning C4244:         ]
C:\Program Files\Microsoft Visual Studio\2022\Community\VC\Tools\MSVC\14.41.34120\include\utility(276,61): warning C4244:         and
C:\Program Files\Microsoft Visual Studio\2022\Community\VC\Tools\MSVC\14.41.34120\include\utility(276,61): warning C4244:         [
C:\Program Files\Microsoft Visual Studio\2022\Community\VC\Tools\MSVC\14.41.34120\include\utility(276,61): warning C4244:             _Ty2=int
C:\Program Files\Microsoft Visual Studio\2022\Community\VC\Tools\MSVC\14.41.34120\include\utility(276,61): warning C4244:         ]
  (소스 파일 'DDNN_DS.cpp'을(를) 컴파일하는 중)
      C:\Program Files\Microsoft Visual Studio\2022\Community\VC\Tools\MSVC\14.41.34120\include\utility(276,61):
      템플릿 인스턴스화 컨텍스트(가장 오래된 인스턴스화 컨텍스트)가
          C:\Users\tkeom\Desktop\postechDNN\dnn\Examples\DDNN_Demo\DDNN_DS.cpp(129,36):
          컴파일되는 함수 템플릿 인스턴스화 'std::pair<double,int>::pair<double,unsigned __int64,0>(std::pair<double,unsigned __int64> &&) noexcept'에 대한 참조를 확인하세요.
              C:\Users\tkeom\Desktop\postechDNN\dnn\Examples\DDNN_Demo\DDNN_DS.cpp(129,21):
              'DDNN_DS::preprocessing'에서 'std::pair<double,int>::pair'에 대한 첫 번째 참조를 확인하세요.
  
  Object.cpp
C:\Users\tkeom\Desktop\postechDNN\dnn\Examples\DDNN_Demo\Object.cpp(142,28): warning C4267: 'return': 'size_t'에서 'int'(으)로 변환하면서 데이터가 손실될 수 있습니다.
C:\Users\tkeom\Desktop\postechDNN\dnn\Examples\DDNN_Demo\Object.cpp(145,29): warning C4267: 'return': 'size_t'에서 'int'(으)로 변환하면서 데이터가 손실될 수 있습니다.
C:\Users\tkeom\Desktop\postechDNN\dnn\Examples\DDNN_Demo\Object.cpp(188,28): warning C4267: 'return': 'size_t'에서 'int'(으)로 변환하면서 데이터가 손실될 수 있습니다.
C:\Users\tkeom\Desktop\postechDNN\dnn\Examples\DDNN_Demo\Object.cpp(191,25): warning C4267: 'return': 'size_t'에서 'int'(으)로 변환하면서 데이터가 손실될 수 있습니다.
C:\Users\tkeom\Desktop\postechDNN\dnn\Examples\DDNN_Demo\Object.cpp(194,25): warning C4267: 'return': 'size_t'에서 'int'(으)로 변환하면서 데이터가 손실될 수 있습니다.
C:\Users\tkeom\Desktop\postechDNN\dnn\Examples\DDNN_Demo\Object.cpp(197,24): warning C4267: 'return': 'size_t'에서 'int'(으)로 변환하면서 데이터가 손실될 수 있습니다.
  OGL_Contorl.cpp
C:\Users\tkeom\Desktop\postechDNN\dnn\Examples\DDNN_Demo\OGL_Contorl.cpp(378,9): warning C4244: '=': 'double'에서 'int'(으)로 변환하면서 데이터가 손실될 수 있습니다.
C:\Users\tkeom\Desktop\postechDNN\dnn\Examples\DDNN_Demo\OGL_Contorl.cpp(379,10): warning C4244: '=': 'double'에서 'int'(으)로 변환하면서 데이터가 손실될 수 있습니다.
C:\Users\tkeom\Desktop\postechDNN\dnn\Examples\DDNN_Demo\OGL_Contorl.cpp(380,9): warning C4244: '=': 'double'에서 'int'(으)로 변환하면서 데이터가 손실될 수 있습니다.
C:\Users\tkeom\Desktop\postechDNN\dnn\Examples\DDNN_Demo\OGL_Contorl.cpp(381,10): warning C4244: '=': 'double'에서 'int'(으)로 변환하면서 데이터가 손실될 수 있습니다.
C:\Users\tkeom\Desktop\postechDNN\dnn\Examples\DDNN_Demo\OGL_Contorl.cpp(397,9): warning C4244: '=': 'double'에서 'int'(으)로 변환하면서 데이터가 손실될 수 있습니다.
C:\Users\tkeom\Desktop\postechDNN\dnn\Examples\DDNN_Demo\OGL_Contorl.cpp(398,10): warning C4244: '=': 'double'에서 'int'(으)로 변환하면서 데이터가 손실될 수 있습니다.
C:\Users\tkeom\Desktop\postechDNN\dnn\Examples\DDNN_Demo\OGL_Contorl.cpp(399,9): warning C4244: '=': 'double'에서 'int'(으)로 변환하면서 데이터가 손실될 수 있습니다.
C:\Users\tkeom\Desktop\postechDNN\dnn\Examples\DDNN_Demo\OGL_Contorl.cpp(400,10): warning C4244: '=': 'double'에서 'int'(으)로 변환하면서 데이터가 손실될 수 있습니다.
C:\Users\tkeom\Desktop\postechDNN\dnn\Examples\DDNN_Demo\OGL_Contorl.cpp(426,10): warning C4244: '초기화 중': 'double'에서 'int'(으)로 변환하면서 데이터가 손실될 수 있습니다.
C:\Users\tkeom\Desktop\postechDNN\dnn\Examples\DDNN_Demo\OGL_Contorl.cpp(428,13): warning C4244: '초기화 중': 'double'에서 'int'(으)로 변환하면서 데이터가 손실될 수 있습니다.
C:\Users\tkeom\Desktop\postechDNN\dnn\Examples\DDNN_Demo\OGL_Contorl.cpp(430,17): warning C4244: '=': 'double'에서 'int'(으)로 변환하면서 데이터가 손실될 수 있습니다.
C:\Users\tkeom\Desktop\postechDNN\dnn\Examples\DDNN_Demo\OGL_Contorl.cpp(431,10): warning C4244: '초기화 중': 'double'에서 'int'(으)로 변환하면서 데이터가 손실될 수 있습니다.
C:\Users\tkeom\Desktop\postechDNN\dnn\Examples\DDNN_Demo\OGL_Contorl.cpp(432,14): warning C4244: '초기화 중': 'double'에서 'int'(으)로 변환하면서 데이터가 손실될 수 있습니다.
C:\Users\tkeom\Desktop\postechDNN\dnn\Examples\DDNN_Demo\OGL_Contorl.cpp(433,19): warning C4244: '=': 'double'에서 'int'(으)로 변환하면서 데이터가 손실될 수 있습니다.
C:\Users\tkeom\Desktop\postechDNN\dnn\Examples\DDNN_Demo\OGL_Contorl.cpp(453,9): warning C4244: '=': 'double'에서 'int'(으)로 변환하면서 데이터가 손실될 수 있습니다.
C:\Users\tkeom\Desktop\postechDNN\dnn\Examples\DDNN_Demo\OGL_Contorl.cpp(454,10): warning C4244: '=': 'double'에서 'int'(으)로 변환하면서 데이터가 손실될 수 있습니다.
C:\Users\tkeom\Desktop\postechDNN\dnn\Examples\DDNN_Demo\OGL_Contorl.cpp(455,9): warning C4244: '=': 'double'에서 'int'(으)로 변환하면서 데이터가 손실될 수 있습니다.
C:\Users\tkeom\Desktop\postechDNN\dnn\Examples\DDNN_Demo\OGL_Contorl.cpp(456,10): warning C4244: '=': 'double'에서 'int'(으)로 변환하면서 데이터가 손실될 수 있습니다.
  pch.cpp
  DD.cpp
  코드를 생성하고 있습니다...
  DDNN.vcxproj -> C:\Users\tkeom\Desktop\postechDNN\dnn\x64\Debug\DDNN_Demo.exe
