  Voronoi Diagram.cpp
E:\Google Drive\Postech Ph.D\2020-1학기 [연구실]SW 스타랩\DNN-Github\DNN-0424\DNN\dnn\DataStrcutures\SegL1Voronoi\Data Structure.h(700,19): warning C4244: '초기화 중': 'double'에서 'float'(으)로 변환하면서 데이터가 손실될 수 있습니다.
E:\Google Drive\Postech Ph.D\2020-1학기 [연구실]SW 스타랩\DNN-Github\DNN-0424\DNN\dnn\DataStrcutures\SegL1Voronoi\Data Structure.h(701,19): warning C4244: '초기화 중': 'double'에서 'float'(으)로 변환하면서 데이터가 손실될 수 있습니다.
E:\Google Drive\Postech Ph.D\2020-1학기 [연구실]SW 스타랩\DNN-Github\DNN-0424\DNN\dnn\DataStrcutures\SegL1Voronoi\Data Structure.h(812,19): warning C4244: '초기화 중': 'double'에서 'float'(으)로 변환하면서 데이터가 손실될 수 있습니다.
E:\Google Drive\Postech Ph.D\2020-1학기 [연구실]SW 스타랩\DNN-Github\DNN-0424\DNN\dnn\DataStrcutures\SegL1Voronoi\Data Structure.h(813,19): warning C4244: '초기화 중': 'double'에서 'float'(으)로 변환하면서 데이터가 손실될 수 있습니다.
E:\Google Drive\Postech Ph.D\2020-1학기 [연구실]SW 스타랩\DNN-Github\DNN-0424\DNN\dnn\DataStrcutures\SegL1Voronoi\Data Structure.h(904,38): warning C4244: '인수': 'double'에서 'float'(으)로 변환하면서 데이터가 손실될 수 있습니다.
E:\Google Drive\Postech Ph.D\2020-1학기 [연구실]SW 스타랩\DNN-Github\DNN-0424\DNN\dnn\DataStrcutures\SegL1Voronoi\Data Structure.h(920,38): warning C4244: '인수': 'double'에서 'float'(으)로 변환하면서 데이터가 손실될 수 있습니다.
E:\Google Drive\Postech Ph.D\2020-1학기 [연구실]SW 스타랩\DNN-Github\DNN-0424\DNN\dnn\DataStrcutures\SegL1Voronoi\Data Structure.h(1370,17): warning C4553: '==': 식의 결과가 사용되지 않습니다. '='을(를) 의도했습니까?
E:\Google Drive\Postech Ph.D\2020-1학기 [연구실]SW 스타랩\DNN-Github\DNN-0424\DNN\dnn\DataStrcutures\SegL1Voronoi\Data Structure.h(1417,31): warning C4244: '=': 'double'에서 'float'(으)로 변환하면서 데이터가 손실될 수 있습니다.
E:\Google Drive\Postech Ph.D\2020-1학기 [연구실]SW 스타랩\DNN-Github\DNN-0424\DNN\dnn\DataStrcutures\SegL1Voronoi\Data Structure.h(1432,31): warning C4244: '=': 'double'에서 'float'(으)로 변환하면서 데이터가 손실될 수 있습니다.
E:\Google Drive\Postech Ph.D\2020-1학기 [연구실]SW 스타랩\DNN-Github\DNN-0424\DNN\dnn\DataStrcutures\SegL1Voronoi\Data Structure.h(1449,31): warning C4244: '=': 'double'에서 'float'(으)로 변환하면서 데이터가 손실될 수 있습니다.
E:\Google Drive\Postech Ph.D\2020-1학기 [연구실]SW 스타랩\DNN-Github\DNN-0424\DNN\dnn\DataStrcutures\SegL1Voronoi\Data Structure.h(1457,33): warning C4244: '=': 'double'에서 'float'(으)로 변환하면서 데이터가 손실될 수 있습니다.
E:\Google Drive\Postech Ph.D\2020-1학기 [연구실]SW 스타랩\DNN-Github\DNN-0424\DNN\dnn\DataStrcutures\SegL1Voronoi\Data Structure.h(1463,28): warning C4244: '=': 'double'에서 'float'(으)로 변환하면서 데이터가 손실될 수 있습니다.
E:\Google Drive\Postech Ph.D\2020-1학기 [연구실]SW 스타랩\DNN-Github\DNN-0424\DNN\dnn\DataStrcutures\SegL1Voronoi\Data Structure.h(1469,28): warning C4244: '=': 'double'에서 'float'(으)로 변환하면서 데이터가 손실될 수 있습니다.
E:\Google Drive\Postech Ph.D\2020-1학기 [연구실]SW 스타랩\DNN-Github\DNN-0424\DNN\dnn\DataStrcutures\SegL1Voronoi\Data Structure.h(1491,33): warning C4244: '=': 'double'에서 'float'(으)로 변환하면서 데이터가 손실될 수 있습니다.
E:\Google Drive\Postech Ph.D\2020-1학기 [연구실]SW 스타랩\DNN-Github\DNN-0424\DNN\dnn\DataStrcutures\SegL1Voronoi\Data Structure.h(1497,29): warning C4244: '=': 'double'에서 'float'(으)로 변환하면서 데이터가 손실될 수 있습니다.
E:\Google Drive\Postech Ph.D\2020-1학기 [연구실]SW 스타랩\DNN-Github\DNN-0424\DNN\dnn\DataStrcutures\SegL1Voronoi\Data Structure.h(1503,29): warning C4244: '=': 'double'에서 'float'(으)로 변환하면서 데이터가 손실될 수 있습니다.
E:\Google Drive\Postech Ph.D\2020-1학기 [연구실]SW 스타랩\DNN-Github\DNN-0424\DNN\dnn\DataStrcutures\SegL1Voronoi\Data Structure.h(1523,33): warning C4244: '=': 'double'에서 'float'(으)로 변환하면서 데이터가 손실될 수 있습니다.
E:\Google Drive\Postech Ph.D\2020-1학기 [연구실]SW 스타랩\DNN-Github\DNN-0424\DNN\dnn\DataStrcutures\SegL1Voronoi\Data Structure.h(1529,29): warning C4244: '=': 'double'에서 'float'(으)로 변환하면서 데이터가 손실될 수 있습니다.
E:\Google Drive\Postech Ph.D\2020-1학기 [연구실]SW 스타랩\DNN-Github\DNN-0424\DNN\dnn\DataStrcutures\SegL1Voronoi\Data Structure.h(1535,29): warning C4244: '=': 'double'에서 'float'(으)로 변환하면서 데이터가 손실될 수 있습니다.
E:\Google Drive\Postech Ph.D\2020-1학기 [연구실]SW 스타랩\DNN-Github\DNN-0424\DNN\dnn\DataStrcutures\SegL1Voronoi\Data Structure.h(1582,86): warning C4244: '인수': 'double'에서 'float'(으)로 변환하면서 데이터가 손실될 수 있습니다.
E:\Google Drive\Postech Ph.D\2020-1학기 [연구실]SW 스타랩\DNN-Github\DNN-0424\DNN\dnn\DataStrcutures\SegL1Voronoi\Data Structure.h(1582,50): warning C4244: '인수': 'double'에서 'float'(으)로 변환하면서 데이터가 손실될 수 있습니다.
E:\Google Drive\Postech Ph.D\2020-1학기 [연구실]SW 스타랩\DNN-Github\DNN-0424\DNN\dnn\DataStrcutures\SegL1Voronoi\Data Structure.h(1586,87): warning C4244: '인수': 'double'에서 'float'(으)로 변환하면서 데이터가 손실될 수 있습니다.
E:\Google Drive\Postech Ph.D\2020-1학기 [연구실]SW 스타랩\DNN-Github\DNN-0424\DNN\dnn\DataStrcutures\SegL1Voronoi\Data Structure.h(1586,51): warning C4244: '인수': 'double'에서 'float'(으)로 변환하면서 데이터가 손실될 수 있습니다.
E:\Google Drive\Postech Ph.D\2020-1학기 [연구실]SW 스타랩\DNN-Github\DNN-0424\DNN\dnn\DataStrcutures\SegL1Voronoi\Data Structure.h(1680,41): warning C4244: '=': 'double'에서 'float'(으)로 변환하면서 데이터가 손실될 수 있습니다.
E:\Google Drive\Postech Ph.D\2020-1학기 [연구실]SW 스타랩\DNN-Github\DNN-0424\DNN\dnn\DataStrcutures\SegL1Voronoi\Data Structure.h(1683,17): warning C4244: '=': 'double'에서 'float'(으)로 변환하면서 데이터가 손실될 수 있습니다.
E:\Google Drive\Postech Ph.D\2020-1학기 [연구실]SW 스타랩\DNN-Github\DNN-0424\DNN\dnn\DataStrcutures\SegL1Voronoi\Data Structure.h(1683,34): warning C4244: '=': 'double'에서 'float'(으)로 변환하면서 데이터가 손실될 수 있습니다.
E:\Google Drive\Postech Ph.D\2020-1학기 [연구실]SW 스타랩\DNN-Github\DNN-0424\DNN\dnn\DataStrcutures\SegL1Voronoi\Data Structure.h(1687,22): warning C4244: '=': 'double'에서 'float'(으)로 변환하면서 데이터가 손실될 수 있습니다.
E:\Google Drive\Postech Ph.D\2020-1학기 [연구실]SW 스타랩\DNN-Github\DNN-0424\DNN\dnn\DataStrcutures\SegL1Voronoi\Data Structure.h(1690,18): warning C4244: '=': 'double'에서 'float'(으)로 변환하면서 데이터가 손실될 수 있습니다.
E:\Google Drive\Postech Ph.D\2020-1학기 [연구실]SW 스타랩\DNN-Github\DNN-0424\DNN\dnn\DataStrcutures\SegL1Voronoi\Data Structure.h(1690,34): warning C4244: '=': 'double'에서 'float'(으)로 변환하면서 데이터가 손실될 수 있습니다.
E:\Google Drive\Postech Ph.D\2020-1학기 [연구실]SW 스타랩\DNN-Github\DNN-0424\DNN\dnn\DataStrcutures\SegL1Voronoi\Data Structure.h(1717,54): warning C4244: '인수': 'double'에서 'float'(으)로 변환하면서 데이터가 손실될 수 있습니다.
E:\Google Drive\Postech Ph.D\2020-1학기 [연구실]SW 스타랩\DNN-Github\DNN-0424\DNN\dnn\DataStrcutures\SegL1Voronoi\Data Structure.h(1738,55): warning C4244: '인수': 'double'에서 'float'(으)로 변환하면서 데이터가 손실될 수 있습니다.
E:\Google Drive\Postech Ph.D\2020-1학기 [연구실]SW 스타랩\DNN-Github\DNN-0424\DNN\dnn\DataStrcutures\SegL1Voronoi\Data Structure.h(1740,55): warning C4244: '인수': 'double'에서 'float'(으)로 변환하면서 데이터가 손실될 수 있습니다.
E:\Google Drive\Postech Ph.D\2020-1학기 [연구실]SW 스타랩\DNN-Github\DNN-0424\DNN\dnn\DataStrcutures\SegL1Voronoi\Data Structure.h(1773,39): warning C4244: '=': 'double'에서 'float'(으)로 변환하면서 데이터가 손실될 수 있습니다.
E:\Google Drive\Postech Ph.D\2020-1학기 [연구실]SW 스타랩\DNN-Github\DNN-0424\DNN\dnn\DataStrcutures\SegL1Voronoi\Data Structure.h(1814,55): warning C4244: '인수': 'double'에서 'float'(으)로 변환하면서 데이터가 손실될 수 있습니다.
E:\Google Drive\Postech Ph.D\2020-1학기 [연구실]SW 스타랩\DNN-Github\DNN-0424\DNN\dnn\DataStrcutures\SegL1Voronoi\Data Structure.h(1816,55): warning C4244: '인수': 'double'에서 'float'(으)로 변환하면서 데이터가 손실될 수 있습니다.
E:\Google Drive\Postech Ph.D\2020-1학기 [연구실]SW 스타랩\DNN-Github\DNN-0424\DNN\dnn\DataStrcutures\SegL1Voronoi\Data Structure.h(1831,54): warning C4244: '인수': 'double'에서 'float'(으)로 변환하면서 데이터가 손실될 수 있습니다.
E:\Google Drive\Postech Ph.D\2020-1학기 [연구실]SW 스타랩\DNN-Github\DNN-0424\DNN\dnn\DataStrcutures\SegL1Voronoi\Data Structure.h(1856,55): warning C4244: '인수': 'double'에서 'float'(으)로 변환하면서 데이터가 손실될 수 있습니다.
E:\Google Drive\Postech Ph.D\2020-1학기 [연구실]SW 스타랩\DNN-Github\DNN-0424\DNN\dnn\DataStrcutures\SegL1Voronoi\Data Structure.h(1870,71): warning C4244: '인수': 'double'에서 'float'(으)로 변환하면서 데이터가 손실될 수 있습니다.
E:\Google Drive\Postech Ph.D\2020-1학기 [연구실]SW 스타랩\DNN-Github\DNN-0424\DNN\dnn\DataStrcutures\SegL1Voronoi\Data Structure.h(1871,58): warning C4244: '인수': 'double'에서 'float'(으)로 변환하면서 데이터가 손실될 수 있습니다.
E:\Google Drive\Postech Ph.D\2020-1학기 [연구실]SW 스타랩\DNN-Github\DNN-0424\DNN\dnn\DataStrcutures\SegL1Voronoi\Data Structure.h(1891,55): warning C4244: '인수': 'double'에서 'float'(으)로 변환하면서 데이터가 손실될 수 있습니다.
E:\Google Drive\Postech Ph.D\2020-1학기 [연구실]SW 스타랩\DNN-Github\DNN-0424\DNN\dnn\DataStrcutures\SegL1Voronoi\Data Structure.h(1905,71): warning C4244: '인수': 'double'에서 'float'(으)로 변환하면서 데이터가 손실될 수 있습니다.
  SegL1Voronoi.vcxproj -> E:\Google Drive\Postech Ph.D\2020-1학기 [연구실]SW 스타랩\DNN-Github\DNN-0424\DNN\dnn\Debug\SegL1Voronoi.exe
