  Space.cpp
C:\Users\tkeom\Desktop\postechDNN\dnn\NearestNeighbor\BoxNN_L2\Project1\Space.cpp(1,1): warning C4819: 현재 코드 페이지(949)에서 표시할 수 없는 문자가 파일에 들어 있습니다. 데이터가 손실되지 않게 하려면 해당 파일을 유니코드 형식으로 저장하십시오.
C:\Users\tkeom\Desktop\postechDNN\dnn\NearestNeighbor\BoxNN_L2\Project1\Space.cpp(261,33): warning C4018: '<': signed 또는 unsigned가 일치하지 않습니다.
C:\Users\tkeom\Desktop\postechDNN\dnn\NearestNeighbor\BoxNN_L2\Project1\Space.cpp(263,37): warning C4018: '<': signed 또는 unsigned가 일치하지 않습니다.
C:\Users\tkeom\Desktop\postechDNN\dnn\NearestNeighbor\BoxNN_L2\Project1\Space.cpp(301,11): warning C4267: '초기화 중': 'size_t'에서 'int'(으)로 변환하면서 데이터가 손실될 수 있습니다.
C:\Users\tkeom\Desktop\postechDNN\dnn\NearestNeighbor\BoxNN_L2\Project1\Space.cpp(302,33): warning C4018: '<': signed 또는 unsigned가 일치하지 않습니다.
C:\Users\tkeom\Desktop\postechDNN\dnn\NearestNeighbor\BoxNN_L2\Project1\Space.cpp(350,28): warning C4267: '인수': 'size_t'에서 'int'(으)로 변환하면서 데이터가 손실될 수 있습니다.
C:\Users\tkeom\Desktop\postechDNN\dnn\NearestNeighbor\BoxNN_L2\Project1\Space.cpp(356,44): warning C4267: '인수': 'size_t'에서 'int'(으)로 변환하면서 데이터가 손실될 수 있습니다.
C:\Users\tkeom\Desktop\postechDNN\dnn\NearestNeighbor\BoxNN_L2\Project1\Space.cpp(58,16): warning C4267: '초기화 중': 'size_t'에서 'int'(으)로 변환하면서 데이터가 손실될 수 있습니다.
      C:\Users\tkeom\Desktop\postechDNN\dnn\NearestNeighbor\BoxNN_L2\Project1\Space.cpp(58,16):
      템플릿 인스턴스화 컨텍스트(가장 오래된 인스턴스화 컨텍스트)가
          C:\Users\tkeom\Desktop\postechDNN\dnn\NearestNeighbor\BoxNN_L2\Project1\Space.cpp(44,22):
          컴파일되는 함수 템플릿 인스턴스화 'std::vector<std::vector<double,std::allocator<double>>,std::allocator<std::vector<double,std::allocator<double>>>> Cartesian_Product<double>(const std::vector<std::vector<double,std::allocator<double>>,std::allocator<std::vector<double,std::allocator<double>>>> &)'에 대한 참조를 확인하세요.
  
C:\Program Files\Microsoft Visual Studio\2022\Community\VC\Tools\MSVC\14.41.34120\include\utility(247,54): warning C4267: '초기화 중': 'size_t'에서 '_Ty2'(으)로 변환하면서 데이터가 손실될 수 있습니다.
C:\Program Files\Microsoft Visual Studio\2022\Community\VC\Tools\MSVC\14.41.34120\include\utility(247,54): warning C4267:         with
C:\Program Files\Microsoft Visual Studio\2022\Community\VC\Tools\MSVC\14.41.34120\include\utility(247,54): warning C4267:         [
C:\Program Files\Microsoft Visual Studio\2022\Community\VC\Tools\MSVC\14.41.34120\include\utility(247,54): warning C4267:             _Ty2=int
C:\Program Files\Microsoft Visual Studio\2022\Community\VC\Tools\MSVC\14.41.34120\include\utility(247,54): warning C4267:         ]
  (소스 파일 'Space.cpp'을(를) 컴파일하는 중)
      C:\Program Files\Microsoft Visual Studio\2022\Community\VC\Tools\MSVC\14.41.34120\include\utility(247,54):
      템플릿 인스턴스화 컨텍스트(가장 오래된 인스턴스화 컨텍스트)가
          C:\Users\tkeom\Desktop\postechDNN\dnn\NearestNeighbor\BoxNN_L2\Project1\Space.cpp(318,9):
          컴파일되는 함수 템플릿 인스턴스화 'void std::priority_queue<std::pair<double,int>,std::vector<std::pair<double,int>,std::allocator<std::pair<double,int>>>,std::greater<std::pair<double,int>>>::emplace<double,unsigned __int64>(double &&,unsigned __int64 &&)'에 대한 참조를 확인하세요.
              C:\Users\tkeom\Desktop\postechDNN\dnn\NearestNeighbor\BoxNN_L2\Project1\Space.cpp(318,16):
              'Space::Dijkstra'에서 'std::priority_queue<std::pair<double,int>,std::vector<std::pair<double,int>,std::allocator<std::pair<double,int>>>,std::greater<std::pair<double,int>>>::emplace'에 대한 첫 번째 참조를 확인하세요.
          C:\Program Files\Microsoft Visual Studio\2022\Community\VC\Tools\MSVC\14.41.34120\include\queue(406,11):
          컴파일되는 함수 템플릿 인스턴스화 'void std::vector<std::pair<double,int>,std::allocator<std::pair<double,int>>>::emplace_back<_Ty,unsigned __int64>(_Ty &&,unsigned __int64 &&)'에 대한 참조를 확인하세요.
          with
          [
              _Ty=double
          ]
          C:\Program Files\Microsoft Visual Studio\2022\Community\VC\Tools\MSVC\14.41.34120\include\vector(858,24):
          컴파일되는 함수 템플릿 인스턴스화 '_Ty &std::vector<_Ty,std::allocator<_Ty>>::_Emplace_one_at_back<double,unsigned __int64>(double &&,unsigned __int64 &&)'에 대한 참조를 확인하세요.
          with
          [
              _Ty=std::pair<double,int>
          ]
          C:\Program Files\Microsoft Visual Studio\2022\Community\VC\Tools\MSVC\14.41.34120\include\vector(776,20):
          컴파일되는 함수 템플릿 인스턴스화 '_Ty &std::vector<_Ty,std::allocator<_Ty>>::_Emplace_back_with_unused_capacity<double,unsigned __int64>(double &&,unsigned __int64 &&)'에 대한 참조를 확인하세요.
          with
          [
              _Ty=std::pair<double,int>
          ]
          C:\Program Files\Microsoft Visual Studio\2022\Community\VC\Tools\MSVC\14.41.34120\include\vector(791,13):
          컴파일되는 함수 템플릿 인스턴스화 'void std::_Construct_in_place<std::pair<double,int>,_Ty,unsigned __int64>(std::pair<double,int> &,_Ty &&,unsigned __int64 &&) noexcept'에 대한 참조를 확인하세요.
          with
          [
              _Ty=double
          ]
          C:\Program Files\Microsoft Visual Studio\2022\Community\VC\Tools\MSVC\14.41.34120\include\xutility(403,61):
          컴파일되는 함수 템플릿 인스턴스화 'std::pair<double,int>::pair<_Ty,unsigned __int64,0>(_Other1 &&,_Other2 &&) noexcept'에 대한 참조를 확인하세요.
          with
          [
              _Ty=double,
              _Other1=double,
              _Other2=unsigned __int64
          ]
  
C:\Program Files\Microsoft Visual Studio\2022\Community\VC\Tools\MSVC\14.41.34120\include\utility(247,54): warning C4244: '초기화 중': '__int64'에서 '_Ty2'(으)로 변환하면서 데이터가 손실될 수 있습니다.
C:\Program Files\Microsoft Visual Studio\2022\Community\VC\Tools\MSVC\14.41.34120\include\utility(247,54): warning C4244:         with
C:\Program Files\Microsoft Visual Studio\2022\Community\VC\Tools\MSVC\14.41.34120\include\utility(247,54): warning C4244:         [
C:\Program Files\Microsoft Visual Studio\2022\Community\VC\Tools\MSVC\14.41.34120\include\utility(247,54): warning C4244:             _Ty2=int
C:\Program Files\Microsoft Visual Studio\2022\Community\VC\Tools\MSVC\14.41.34120\include\utility(247,54): warning C4244:         ]
  (소스 파일 'Space.cpp'을(를) 컴파일하는 중)
      C:\Program Files\Microsoft Visual Studio\2022\Community\VC\Tools\MSVC\14.41.34120\include\utility(247,54):
      템플릿 인스턴스화 컨텍스트(가장 오래된 인스턴스화 컨텍스트)가
          C:\Users\tkeom\Desktop\postechDNN\dnn\NearestNeighbor\BoxNN_L2\Project1\Space.cpp(330,21):
          컴파일되는 함수 템플릿 인스턴스화 'void std::priority_queue<std::pair<double,int>,std::vector<std::pair<double,int>,std::allocator<std::pair<double,int>>>,std::greater<std::pair<double,int>>>::emplace<_Ty&,_Ty1&>(_Ty &,_Ty1 &)'에 대한 참조를 확인하세요.
          with
          [
              _Ty=double,
              _Ty1=__int64
          ]
              C:\Users\tkeom\Desktop\postechDNN\dnn\NearestNeighbor\BoxNN_L2\Project1\Space.cpp(330,28):
              'Space::Dijkstra'에서 'std::priority_queue<std::pair<double,int>,std::vector<std::pair<double,int>,std::allocator<std::pair<double,int>>>,std::greater<std::pair<double,int>>>::emplace'에 대한 첫 번째 참조를 확인하세요.
          C:\Program Files\Microsoft Visual Studio\2022\Community\VC\Tools\MSVC\14.41.34120\include\queue(406,11):
          컴파일되는 함수 템플릿 인스턴스화 'void std::vector<std::pair<double,int>,std::allocator<std::pair<double,int>>>::emplace_back<_Ty&,__int64&>(_Ty &,__int64 &)'에 대한 참조를 확인하세요.
          with
          [
              _Ty=double
          ]
          C:\Program Files\Microsoft Visual Studio\2022\Community\VC\Tools\MSVC\14.41.34120\include\vector(858,24):
          컴파일되는 함수 템플릿 인스턴스화 '_Ty &std::vector<_Ty,std::allocator<_Ty>>::_Emplace_one_at_back<double&,__int64&>(double &,__int64 &)'에 대한 참조를 확인하세요.
          with
          [
              _Ty=std::pair<double,int>
          ]
          C:\Program Files\Microsoft Visual Studio\2022\Community\VC\Tools\MSVC\14.41.34120\include\vector(776,20):
          컴파일되는 함수 템플릿 인스턴스화 '_Ty &std::vector<_Ty,std::allocator<_Ty>>::_Emplace_back_with_unused_capacity<double&,__int64&>(double &,__int64 &)'에 대한 참조를 확인하세요.
          with
          [
              _Ty=std::pair<double,int>
          ]
          C:\Program Files\Microsoft Visual Studio\2022\Community\VC\Tools\MSVC\14.41.34120\include\vector(791,13):
          컴파일되는 함수 템플릿 인스턴스화 'void std::_Construct_in_place<std::pair<double,int>,_Ty&,__int64&>(std::pair<double,int> &,_Ty &,__int64 &) noexcept'에 대한 참조를 확인하세요.
          with
          [
              _Ty=double
          ]
          C:\Program Files\Microsoft Visual Studio\2022\Community\VC\Tools\MSVC\14.41.34120\include\xutility(403,61):
          컴파일되는 함수 템플릿 인스턴스화 'std::pair<double,int>::pair<_Ty&,__int64&,0>(_Other1,_Other2) noexcept'에 대한 참조를 확인하세요.
          with
          [
              _Ty=double,
              _Other1=double &,
              _Other2=__int64 &
          ]
  
  BoxNN_L2.vcxproj -> C:\Users\tkeom\Desktop\postechDNN\dnn\NearestNeighbor\BoxNN_L2\Project1\x64\Debug\BoxNN_L2.exe
