e:\google drive\postech ph.d\2020-1학기 [연구실]sw 스타랩\dnn-github\dnn\dnn\datastrcutures\dcel\debug\vc142.pdb
e:\google drive\postech ph.d\2020-1학기 [연구실]sw 스타랩\dnn-github\dnn\dnn\datastrcutures\dcel\debug\vc142.idb
e:\google drive\postech ph.d\2020-1학기 [연구실]sw 스타랩\dnn-github\dnn\dnn\datastrcutures\dcel\debug\simplepolygon.obj
e:\google drive\postech ph.d\2020-1학기 [연구실]sw 스타랩\dnn-github\dnn\dnn\datastrcutures\dcel\debug\point.obj
e:\google drive\postech ph.d\2020-1학기 [연구실]sw 스타랩\dnn-github\dnn\dnn\datastrcutures\dcel\debug\edge.obj
e:\google drive\postech ph.d\2020-1학기 [연구실]sw 스타랩\dnn-github\dnn\dnn\datastrcutures\dcel\debug\dijkstra.obj
e:\google drive\postech ph.d\2020-1학기 [연구실]sw 스타랩\dnn-github\dnn\dnn\datastrcutures\dcel\debug\conformingsubdivision.obj
e:\google drive\postech ph.d\2020-1학기 [연구실]sw 스타랩\dnn-github\dnn\dnn\datastrcutures\dcel\debug\dcel.obj
e:\google drive\postech ph.d\2020-1학기 [연구실]sw 스타랩\dnn-github\dnn\dnn\debug\dcel.exe
e:\google drive\postech ph.d\2020-1학기 [연구실]sw 스타랩\dnn-github\dnn\dnn\debug\dcel.ilk
e:\google drive\postech ph.d\2020-1학기 [연구실]sw 스타랩\dnn-github\dnn\dnn\debug\dcel.pdb
d:\dnn\dnn\dnn\datastrcutures\dcel\debug\conformingsubdivision.obj
d:\dnn\dnn\dnn\datastrcutures\dcel\debug\dcel.obj
d:\dnn\dnn\dnn\datastrcutures\dcel\debug\dijkstra.obj
d:\dnn\dnn\dnn\datastrcutures\dcel\debug\edge.obj
d:\dnn\dnn\dnn\datastrcutures\dcel\debug\point.obj
d:\dnn\dnn\dnn\datastrcutures\dcel\debug\simplepolygon.obj
d:\dnn\dnn\dnn\datastrcutures\dcel\debug\vc142.idb
d:\dnn\dnn\dnn\datastrcutures\dcel\debug\vc142.pdb
d:\dnn\dnn\dnn\debug\dcel.pdb
d:\dnn\dnn\dnn\debug\dcel.exe
d:\dnn\dnn\dnn\debug\dcel.ilk
d:\dnn\dnn\dnn\datastrcutures\dcel\debug\dcel.tlog\cl.command.1.tlog
d:\dnn\dnn\dnn\datastrcutures\dcel\debug\dcel.tlog\cl.read.1.tlog
d:\dnn\dnn\dnn\datastrcutures\dcel\debug\dcel.tlog\cl.write.1.tlog
d:\dnn\dnn\dnn\datastrcutures\dcel\debug\dcel.tlog\link.command.1.tlog
d:\dnn\dnn\dnn\datastrcutures\dcel\debug\dcel.tlog\link.read.1.tlog
d:\dnn\dnn\dnn\datastrcutures\dcel\debug\dcel.tlog\link.write.1.tlog
