C:\Program Files\Microsoft Visual Studio\2022\Community\MSBuild\Microsoft\VC\v170\Microsoft.CppBuild.targets(531,5): warning MSB8028: 중간 디렉터리(x64\Debug\)에 다른 프로젝트(Project1.vcxproj)에서 공유하는 파일이 포함되어 있습니다.  이로 인해 잘못된 정리 및 다시 빌드 동작이 수행될 수 있습니다.
  Box.cpp
  Space.cpp
C:\Users\JMG\Desktop\Starlab\postechDNN\dnn\NearestNeighbor\BoxNN_L2\Project1\Space.cpp(115,19): warning C4244: '초기화 중': '_Ty1'에서 'int'(으)로 변환하면서 데이터가 손실될 수 있습니다.
          with
          [
              _Ty1=double
          ]
C:\Users\JMG\Desktop\Starlab\postechDNN\dnn\NearestNeighbor\BoxNN_L2\Project1\Space.cpp(116,19): warning C4244: '초기화 중': '_Ty2'에서 'int'(으)로 변환하면서 데이터가 손실될 수 있습니다.
          with
          [
              _Ty2=double
          ]
C:\Users\JMG\Desktop\Starlab\postechDNN\dnn\NearestNeighbor\BoxNN_L2\Project1\Space.cpp(159,33): warning C4018: '<': signed 또는 unsigned가 일치하지 않습니다.
C:\Users\JMG\Desktop\Starlab\postechDNN\dnn\NearestNeighbor\BoxNN_L2\Project1\Space.cpp(161,37): warning C4018: '<': signed 또는 unsigned가 일치하지 않습니다.
C:\Users\JMG\Desktop\Starlab\postechDNN\dnn\NearestNeighbor\BoxNN_L2\Project1\Space.cpp(48,16): warning C4267: '초기화 중': 'size_t'에서 'int'(으)로 변환하면서 데이터가 손실될 수 있습니다.
C:\Users\JMG\Desktop\Starlab\postechDNN\dnn\NearestNeighbor\BoxNN_L2\Project1\Space.cpp(118,55): message : 컴파일되는 함수 템플릿 인스턴스화 'std::vector<std::vector<double,std::allocator<double>>,std::allocator<std::vector<double,std::allocator<double>>>> Cartesian_Product<double>(const std::vector<std::vector<double,std::allocator<double>>,std::allocator<std::vector<double,std::allocator<double>>>> &,int,int)'에 대한 참조를 확인하세요.
  main.cpp
  point.cpp
C:\Users\JMG\Desktop\Starlab\postechDNN\dnn\NearestNeighbor\BoxNN_L2\Project1\point.cpp(15,20): warning C4267: '=': 'size_t'에서 'int'(으)로 변환하면서 데이터가 손실될 수 있습니다.
C:\Users\JMG\Desktop\Starlab\postechDNN\dnn\NearestNeighbor\BoxNN_L2\Project1\point.cpp(33,25): warning C4267: '=': 'size_t'에서 'int'(으)로 변환하면서 데이터가 손실될 수 있습니다.
  코드를 생성하고 있습니다...
C:\Users\JMG\Desktop\Starlab\postechDNN\dnn\NearestNeighbor\BoxNN_L2\Project1\Space.cpp(151): warning C4715: 'Space::gen_SteinerPoint': 모든 제어 경로에서 값을 반환하지는 않습니다.
  BoxNN_L2.vcxproj -> C:\Users\JMG\Desktop\Starlab\postechDNN\dnn\NearestNeighbor\BoxNN_L2\Project1\x64\Debug\BoxNN_L2.exe
